Vivado Simulator 2015.4
Copyright 1986-1999, 2001-2015 Xilinx, Inc. All Rights Reserved.
Running: /opt/Xilinx/Vivado/2015.4/bin/unwrapped/lnx64.o/xelab -wto 45803a3d38f44e0290a0387f0577952d --debug typical --relax --mt 8 --maxdelay -L xil_defaultlib -L simprims_ver -L secureip --snapshot RegisterFile_time_impl -transport_int_delays -pulse_r 0 -pulse_int_r 0 xil_defaultlib.RegisterFile xil_defaultlib.glbl -log elaborate.log 
Using 8 slave threads.
Starting static elaboration
Completed static elaboration
Starting simulation data flow analysis
Completed simulation data flow analysis
INFO: [XSIM 43-3451] SDF backannotation process started with SDF file "RegisterFile_time_impl.sdf", for root module "RegisterFile".
INFO: [XSIM 43-3452] SDF backannotation was successful for SDF file "RegisterFile_time_impl.sdf", for root module "RegisterFile".
Time Resolution for simulation is 1ps
Compiling module simprims_ver.BUFG
Compiling module simprims_ver.IBUF
Compiling module simprims_ver.x_lut3_mux4
Compiling module simprims_ver.x_lut3_mux4_reduced_0
Compiling module simprims_ver.LUT3
Compiling module simprims_ver.LUT6
Compiling module simprims_ver.x_lut2_mux4
Compiling module simprims_ver.LUT2
Compiling module simprims_ver.OBUF
Compiling module simprims_ver.sffsrce_fdre
Compiling module simprims_ver.FDRE
Compiling module xil_defaultlib.RegisterFile
Compiling module xil_defaultlib.glbl
Built simulation snapshot RegisterFile_time_impl
